[37m[17:04:03] [0m [95m [MAIN] [0m Installing all resources
[37m[17:04:03] [0m [33m [JSON_MANAGER] [0m Key '[33minstall[0m' found [[32m['01_server.json', '02_eula.json', '!03_mod_folder.json', '!04_datapack_folder.json', '!05_TEMP_Reso[0m]
[37m[17:04:03] [0m [33m [JSON_MANAGER] [0m Found json list [33m['01_server.json', '02_eula.json', '03_mod_folder.json', '04_datapack_folder.json', '05_TEMP_ResourceZip.json'][0m
[37m[17:04:03] [0m [33m [JSON_MANAGER] [0m Key '[33mreinstall[0m' found [[32m[][0m]
[37m[17:04:03] [0m [36m [WEB_INSTALLER] [0m []
[37m[17:04:03] [0m [36m [WEB_INSTALLER] [0m  
[37m[17:04:03] [0m [36m [WEB_INSTALLER] [0m [32m==================== Started install of 01_server.json ====================[0m
[37m[17:04:03] [0m [33m [JSON_MANAGER] [0m Key '[33murl[0m' found [[32mhttps://meta.fabricmc.net/v2/versions/loader/1.21.8/0.17.2/1.1.0/server/jar[0m]
[37m[17:04:03] [0m [33m [JSON_MANAGER] [0m Key '[33mtype[0m' found [[32mfile[0m]
[37m[17:04:03] [0m [33m [JSON_MANAGER] [0m Key '[33msource[0m' found [[32mminecraft[0m]
[37m[17:04:03] [0m [33m [JSON_MANAGER] [0m Key '[33mdir[0m' found [[32m/server[0m]
[37m[17:04:03] [0m [33m [JSON_MANAGER] [0m Key '[33mfile[0m' found [[32m/server.jar[0m]
[37m[17:04:03] [0m [33m [JSON_MANAGER] [0m Key '[33mfolder_expected_files[0m' found [[32m0[0m]
[37m[17:04:03] [0m [36m [WEB_INSTALLER] [0m Data type is file
[37m[17:04:03] [0m [36m [WEB_INSTALLER] [0m Directory [33m/home/halfhand870/MinecraftServer/server[0m [32mdoes[0m exist... Checking file [33m/server.jar[0m
[37m[17:04:03] [0m [36m [WEB_INSTALLER] [0m File [33m/home/halfhand870/MinecraftServer/server/server.jar[0m [32mdoes[0m exist... Returning [32mtrue[0m
[37m[17:04:03] [0m [36m [WEB_INSTALLER] [0m [31m==================== Canceled install of 01_server.json ====================[0m
[37m[17:04:03] [0m [36m [WEB_INSTALLER] [0m  
[37m[17:04:03] [0m [36m [WEB_INSTALLER] [0m  
[37m[17:04:03] [0m [36m [WEB_INSTALLER] [0m [32m==================== Started install of 02_eula.json ====================[0m
[37m[17:04:03] [0m [33m [JSON_MANAGER] [0m Key '[33murl[0m' found [[32mhttps://drive.google.com/file/d/1q_QVK86GXZQZgy5hcpzGRX4TbDCHW2vK/view?usp=drive_link[0m]
[37m[17:04:03] [0m [33m [JSON_MANAGER] [0m Key '[33mtype[0m' found [[32mfile[0m]
[37m[17:04:03] [0m [33m [JSON_MANAGER] [0m Key '[33msource[0m' found [[32mdrive[0m]
[37m[17:04:03] [0m [33m [JSON_MANAGER] [0m Key '[33mdir[0m' found [[32m/server[0m]
[37m[17:04:03] [0m [33m [JSON_MANAGER] [0m Key '[33mfile[0m' found [[32m/eula.txt[0m]
[37m[17:04:03] [0m [33m [JSON_MANAGER] [0m Key '[33mfolder_expected_files[0m' found [[32m0[0m]
[37m[17:04:03] [0m [36m [WEB_INSTALLER] [0m Data type is file
[37m[17:04:03] [0m [36m [WEB_INSTALLER] [0m Directory [33m/home/halfhand870/MinecraftServer/server[0m [32mdoes[0m exist... Checking file [33m/eula.txt[0m
[37m[17:04:03] [0m [36m [WEB_INSTALLER] [0m File [33m/home/halfhand870/MinecraftServer/server/eula.txt[0m [32mdoes[0m exist... Returning [32mtrue[0m
[37m[17:04:03] [0m [36m [WEB_INSTALLER] [0m [31m==================== Canceled install of 02_eula.json ====================[0m
[37m[17:04:03] [0m [36m [WEB_INSTALLER] [0m  
[37m[17:04:03] [0m [95m [MAIN] [0m Initializing Server Process
[37m[17:04:03] [0m [95m [MAIN] [0m Initializing Server Print Process
[37m[17:04:03] [0m [95m [MAIN] [0m Initializing Discord Process
[37m[17:04:03] [0m [95m [MAIN] [0m Starting Server Process
[37m[17:04:03] [0m [95m [MAIN] [0m Starting Server Print Process
[37m[17:04:03] [0m [35m [RUN_JAR] [0m Checking if jar '/home/halfhand870/MinecraftServer/server/server.jar' exists
[37m[17:04:03] [0m [35m [RUN_JAR] [0m Jar '[33m/home/halfhand870/MinecraftServer/server/server.jar[0m' [32mdoes[0m exist
[37m[17:04:03] [0m [35m [RUN_JAR] [0m Running jar '[33m/home/halfhand870/MinecraftServer/server/server.jar[0m'
[37m[17:04:03] [0m [95m [MAIN] [0m Starting Discord Bot Process
[37m[17:04:03] [0m [34m [SERVER] [0m Cleared Logs
[37m[17:04:03] [0m [95m [MAIN] [0m Joining Server Process
[37m[17:04:04] [0m [34m [SERVER] [0m [17:04:04] [main/INFO]: Loading Minecraft 1.21.8 with Fabric Loader 0.17.2
[37m[17:04:05] [0m [34m [SERVER] [0m [17:04:04] [main/INFO]: Loading 4 mods:
[37m[17:04:05] [0m [34m [SERVER] [0m 	- fabricloader 0.17.2
[37m[17:04:05] [0m [34m [SERVER] [0m 	   \-- mixinextras 0.5.0
[37m[17:04:05] [0m [34m [SERVER] [0m 	- java 21
[37m[17:04:05] [0m [34m [SERVER] [0m 	- minecraft 1.21.8
[37m[17:04:05] [0m [34m [SERVER] [0m [17:04:04] [main/INFO]: SpongePowered MIXIN Subsystem Version=0.8.7 Source=file:/home/halfhand870/MinecraftServer/server/libraries/net/fabricmc/sponge-mixin/0.16.3+mixin.0.8.7/sponge-mixin-0.16.3+mixin.0.8.7.jar Service=Knot/Fabric Env=SERVER
[37m[17:04:06] [0m [32m [DISCORD_BOT] [0m Setting command icon to !
[37m[17:04:06] [0m [32m [DISCORD_BOT] [0m Bot is ready
[37m[17:04:10] [0m [34m [SERVER] [0m [17:04:09] [main/INFO]: Environment: Environment[sessionHost=https://sessionserver.mojang.com, servicesHost=https://api.minecraftservices.com, name=PROD]
[37m[17:04:10] [0m [32m [DISCORD_BOT] [0m Client has logged out
[37m[17:04:10] [0m [32m [DISCORD_BOT] [0m [5m[7m[31m!!!!! BOT STOPPED !!!!![0m
